{'msg': '*** Looking up your hostname...', 'recipient': None, 'type': None, 'user': None, 'channel': None, 'server': 'irc.codetalk.io'}
{'msg': '*** Found your hostname', 'recipient': None, 'type': None, 'user': None, 'channel': None, 'server': 'irc.codetalk.io'}
{'msg': 'A1C5E1E0', 'recipient': None, 'type': 'PING', 'user': None, 'channel': None, 'server': None}
{'msg': 'Welcome to the codetalk IRC Network vzbotz!vz@91.84-48-90.nextgentel.com', 'recipient': None, 'type': '001', 'user': None, 'channel': None, 'server': 'irc.codetalk.io'}
{'msg': 'Your host is irc.codetalk.io, running version Unreal3.2.10', 'recipient': None, 'type': '002', 'user': None, 'channel': None, 'server': 'irc.codetalk.io'}
{'msg': 'This server was created Wed Feb 13 2013 at 16:17:53 UTC', 'recipient': None, 'type': '003', 'user': None, 'channel': None, 'server': 'irc.codetalk.io'}
{'msg': None, 'recipient': None, 'type': '004', 'user': None, 'channel': None, 'server': 'irc.codetalk.io'}
{'msg': '30 MAXLIST=b:60,e:60,I:60 NICKLEN=30 CHANNELLEN=32 TOPICLEN=307 KICKLEN=307 AWAYLEN=307 :are supported by this server', 'recipient': None, 'type': '005', 'user': None, 'channel': None, 'server': 'irc.codetalk.io'}
{'msg': 'are supported by this server', 'recipient': None, 'type': '005', 'user': None, 'channel': None, 'server': 'irc.codetalk.io'}
{'msg': 'are supported by this server', 'recipient': None, 'type': '005', 'user': None, 'channel': None, 'server': 'irc.codetalk.io'}
{'msg': 'There are 1 users and 24 invisible on 2 servers', 'recipient': None, 'type': '251', 'user': None, 'channel': None, 'server': 'irc.codetalk.io'}
{'msg': 'operator(s) online', 'recipient': None, 'type': '252', 'user': None, 'channel': None, 'server': 'irc.codetalk.io'}
{'msg': 'channels formed', 'recipient': None, 'type': '254', 'user': None, 'channel': None, 'server': 'irc.codetalk.io'}
{'msg': 'I have 11 clients and 1 servers', 'recipient': None, 'type': '255', 'user': None, 'channel': None, 'server': 'irc.codetalk.io'}
{'msg': 'Current local users 11, max 19', 'recipient': None, 'type': '265', 'user': None, 'channel': None, 'server': 'irc.codetalk.io'}
{'msg': 'Current global users 25, max 33', 'recipient': None, 'type': '266', 'user': None, 'channel': None, 'server': 'irc.codetalk.io'}
{'msg': '- irc.codetalk.io Message of the Day -', 'recipient': None, 'type': '375', 'user': None, 'channel': None, 'server': 'irc.codetalk.io'}
{'msg': '- 13/2/2013 17:22', 'recipient': None, 'type': '372', 'user': None, 'channel': None, 'server': 'irc.codetalk.io'}
{'msg': '- \x1b[1;35m                                                          _', 'recipient': None, 'type': '372', 'user': None, 'channel': None, 'server': 'irc.codetalk.io'}
{'msg': '- \x1b[1;35m                                                          \\`*-.', 'recipient': None, 'type': '372', 'user': None, 'channel': None, 'server': 'irc.codetalk.io'}
{'msg': '- \x1b[1;35m                                                           )  _`-.', 'recipient': None, 'type': '372', 'user': None, 'channel': None, 'server': 'irc.codetalk.io'}
{'msg': '- \x1b[1;35m                                                          .  : `. .', 'recipient': None, 'type': '372', 'user': None, 'channel': None, 'server': 'irc.codetalk.io'}
{'msg': "- \x1b[1;35m                                                          : _   '  \\", 'recipient': None, 'type': '372', 'user': None, 'channel': None, 'server': 'irc.codetalk.io'}
{'msg': '- \x1b[1;35m                                                          ; *` _.   `*-._', 'recipient': None, 'type': '372', 'user': None, 'channel': None, 'server': 'irc.codetalk.io'}
{'msg': "- \x1b[1;35m                                                          `-.-'          `", 'recipient': None, 'type': '372', 'user': None, 'channel': None, 'server': 'irc.codetalk.io'}
{'msg': '- \x1b[1;35m                                                            ;       `', 'recipient': None, 'type': '372', 'user': None, 'channel': None, 'server': 'irc.codetalk.io'}
{'msg': '- \x1b[1;35m  _________            .___      __         .__   __        :.       .', 'recipient': None, 'type': '372', 'user': None, 'channel': None, 'server': 'irc.codetalk.io'}
{'msg': '- \x1b[1;35m  \\_   ___ \\  ____   __| _/_____/  |______  |  | |  | __    . \\  .   :   .', 'recipient': None, 'type': '372', 'user': None, 'channel': None, 'server': 'irc.codetalk.io'}
{'msg': "- \x1b[1;35m  /    \\  \\/ /  _ \\ / __ |/ __ \\   __\\__  \\ |  | |  |/ /    '  `+.;  ;  '", 'recipient': None, 'type': '372', 'user': None, 'channel': None, 'server': 'irc.codetalk.io'}
{'msg': "- \x1b[1;35m  \\     \\___(  <_> ) /_/ \\  ___/|  |  / __ \\|  |_|    <     :  '  |    ;", 'recipient': None, 'type': '372', 'user': None, 'channel': None, 'server': 'irc.codetalk.io'}
{'msg': "- \x1b[1;35m   \\______  /\\____/\\____ |\\___  >__| (____  /____/__|_ \\    ; '   : :`-:", 'recipient': None, 'type': '372', 'user': None, 'channel': None, 'server': 'irc.codetalk.io'}
{'msg': "- \x1b[1;35m          \\/            \\/    \\/          \\/          \\/ .*' /  .*' ; .*`-", 'recipient': None, 'type': '372', 'user': None, 'channel': None, 'server': 'irc.codetalk.io'}
{'msg': '- \x1b[1;35m   \x1b[1;31mWe be coding now D:\x1b[1;35m                                   `*-', 'recipient': None, 'type': '372', 'user': None, 'channel': None, 'server': 'irc.codetalk.io'}
{'msg': '- \x1b[1;35m    +----------------------------------------+', 'recipient': None, 'type': '372', 'user': None, 'channel': None, 'server': 'irc.codetalk.io'}
{'msg': '- \x1b[1;35m    |\x1b[1;31m                                       \x1b[1;35m |', 'recipient': None, 'type': '372', 'user': None, 'channel': None, 'server': 'irc.codetalk.io'}
{'msg': '- \x1b[1;35m    |\x1b[1;31m  Welcome to the codetalk IRC          \x1b[1;35m |', 'recipient': None, 'type': '372', 'user': None, 'channel': None, 'server': 'irc.codetalk.io'}
{'msg': '- \x1b[1;35m    |\x1b[1;31m                                       \x1b[1;35m |', 'recipient': None, 'type': '372', 'user': None, 'channel': None, 'server': 'irc.codetalk.io'}
{'msg': '- \x1b[1;35m    |\x1b[1;31m  If you have any questions, just ask  \x1b[1;35m |', 'recipient': None, 'type': '372', 'user': None, 'channel': None, 'server': 'irc.codetalk.io'}
{'msg': '- \x1b[1;35m    |\x1b[1;31m  one of the opers.                    \x1b[1;35m |', 'recipient': None, 'type': '372', 'user': None, 'channel': None, 'server': 'irc.codetalk.io'}
{'msg': '- \x1b[1;35m    |\x1b[1;31m                                       \x1b[1;35m |', 'recipient': None, 'type': '372', 'user': None, 'channel': None, 'server': 'irc.codetalk.io'}
{'msg': '- \x1b[1;35m    |\x1b[1;31m  The opers on the net are:            \x1b[1;35m |', 'recipient': None, 'type': '372', 'user': None, 'channel': None, 'server': 'irc.codetalk.io'}
{'msg': '- \x1b[1;35m    |\x1b[1;31m    \x1b[0;35mλ Tehnix    \x1b[0m                       \x1b[1;35m |', 'recipient': None, 'type': '372', 'user': None, 'channel': None, 'server': 'irc.codetalk.io'}
{'msg': '- \x1b[1;35m    |\x1b[1;31m    \x1b[0;35mλ nRage     \x1b[0m                       \x1b[1;35m |', 'recipient': None, 'type': '372', 'user': None, 'channel': None, 'server': 'irc.codetalk.io'}
{'msg': '- \x1b[1;35m    |\x1b[1;31m    \x1b[0;35mλ Foxboron  \x1b[0m                       \x1b[1;35m |', 'recipient': None, 'type': '372', 'user': None, 'channel': None, 'server': 'irc.codetalk.io'}
{'msg': '- \x1b[1;35m    |\x1b[1;31m                                       \x1b[1;35m |', 'recipient': None, 'type': '372', 'user': None, 'channel': None, 'server': 'irc.codetalk.io'}
{'msg': '- \x1b[1;35m    |\x1b[1;31m  Enjoy your stay here!                \x1b[1;35m |', 'recipient': None, 'type': '372', 'user': None, 'channel': None, 'server': 'irc.codetalk.io'}
{'msg': '- \x1b[1;35m    |\x1b[1;31m                                       \x1b[1;35m |', 'recipient': None, 'type': '372', 'user': None, 'channel': None, 'server': 'irc.codetalk.io'}
{'msg': '- \x1b[1;35m    +----------------------------------------+ \x1b[0m', 'recipient': None, 'type': '372', 'user': None, 'channel': None, 'server': 'irc.codetalk.io'}
{'msg': '-', 'recipient': None, 'type': '372', 'user': None, 'channel': None, 'server': 'irc.codetalk.io'}
{'msg': 'End of /MOTD command.', 'recipient': None, 'type': '376', 'user': None, 'channel': None, 'server': 'irc.codetalk.io'}
{'msg': '+ix', 'recipient': None, 'type': None, 'user': None, 'channel': None, 'server': 'vzbotz'}
{'msg': '#tlob', 'recipient': None, 'type': 'JOIN', 'user': ('vzbotz', 'vz', 'ghost-E9C43BA5.nextgentel.com'), 'channel': '#tlob', 'server': None}
{'msg': 'vzbotz @vz', 'recipient': None, 'type': '353', 'user': None, 'channel': '#tlob', 'server': 'irc.codetalk.io'}
{'msg': 'End of /NAMES list.', 'recipient': None, 'type': '366', 'user': None, 'channel': '#tlob', 'server': 'irc.codetalk.io'}
{'msg': 'greetings', 'recipient': '#tlob', 'type': 'PRIVMSG', 'user': ('vz', 'vz', 'ghost-BEE73F38.org'), 'channel': '#tlob', 'server': None}
{'msg': '.test hello', 'recipient': '#tlob', 'type': 'PRIVMSG', 'user': ('vz', 'vz', 'ghost-BEE73F38.org'), 'channel': '#tlob', 'server': None}
{'msg': '.quit', 'recipient': '#tlob', 'type': 'PRIVMSG', 'user': ('vz', 'vz', 'ghost-BEE73F38.org'), 'channel': '#tlob', 'server': None}
